Unity Editor version:    2020.3.24f1 (79c78de19888)
Branch:                  2020.3/staging
Build type:              Release
Batch mode:              YES
macOS version:           Version 12.1 (Build 21C52)
Darwin version:          21.2.0
Architecture:            x86_64
Running under Rosetta:   YES
Available memory:        16384 MB
Using pre-set license
Pro License: NO

COMMAND LINE ARGUMENTS:
/Applications/Unity/Unity.app/Contents/MacOS/Unity
-adb2
-batchMode
-noUpm
-name
AssetImportWorker0
-projectPath
/Users/serena/Documents/GitHub/Game
-logFile
Logs/AssetImportWorker0.log
-srvPort
50027
Successfully changed project path to: /Users/serena/Documents/GitHub/Game
/Users/serena/Documents/GitHub/Game
Using Asset Import Pipeline V2.
Refreshing native plugins compatible for Editor in 34.83 ms, found 2 plugins.
Preloading 0 native plugins for Editor in 0.00 ms.
Initialize engine version: 2020.3.24f1 (79c78de19888)
[Subsystems] Discovering subsystems at path /Applications/Unity/Unity.app/Contents/Resources/UnitySubsystems
[Subsystems] Discovering subsystems at path /Users/serena/Documents/GitHub/Game/Assets
GfxDevice: creating device client; threaded=0
2022-04-15 19:38:03.331 Unity[2241:87379] (null) preferred device: Apple M1 (high power)
2022-04-15 19:38:03.331 Unity[2241:87379] Metal devices available: 1
2022-04-15 19:38:03.331 Unity[2241:87379] 0: Apple M1 (high power)
2022-04-15 19:38:03.331 Unity[2241:87379] Using device Apple M1 (high power)
Initializing Metal device caps: Apple M1
Initialize mono
Mono path[0] = '/Applications/Unity/Unity.app/Contents/Managed'
Mono path[1] = '/Applications/Unity/Unity.app/Contents/MonoBleedingEdge/lib/mono/unityjit'
Mono config path = '/Applications/Unity/Unity.app/Contents/MonoBleedingEdge/etc'
Using monoOptions --debugger-agent=transport=dt_socket,embedding=1,server=y,suspend=n,address=127.0.0.1:56241
Begin MonoManager ReloadAssembly
Registering precompiled unity dll's ...
Register platform support module: /Applications/Unity/Unity.app/Contents/PlaybackEngines/MacStandaloneSupport/UnityEditor.OSXStandalone.Extensions.dll
Registered in 0.001828 seconds.
Native extension for OSXStandalone target not found
Refreshing native plugins compatible for Editor in 32.44 ms, found 2 plugins.
Preloading 0 native plugins for Editor in 0.00 ms.
Mono: successfully reloaded assembly
- Completed reload, in  1.188 seconds
Domain Reload Profiling:
	ReloadAssembly (1188ms)
		BeginReloadAssembly (73ms)
			ExecutionOrderSort (0ms)
			DisableScriptedObjects (0ms)
			BackupInstance (0ms)
			ReleaseScriptingObjects (0ms)
			CreateAndSetChildDomain (3ms)
		EndReloadAssembly (1005ms)
			LoadAssemblies (71ms)
			RebuildTransferFunctionScriptingTraits (0ms)
			SetupTypeCache (171ms)
			ReleaseScriptCaches (0ms)
			RebuildScriptCaches (39ms)
			SetupLoadedEditorAssemblies (519ms)
				LogAssemblyErrors (0ms)
				InitializePlatformSupportModulesInManaged (11ms)
				SetLoadedEditorAssemblies (1ms)
				RefreshPlugins (32ms)
				BeforeProcessingInitializeOnLoad (83ms)
				ProcessInitializeOnLoadAttributes (285ms)
				ProcessInitializeOnLoadMethodAttributes (107ms)
				AfterProcessingInitializeOnLoad (0ms)
				EditorAssembliesLoaded (1ms)
			ExecutionOrderSort2 (0ms)
			AwakeInstancesAfterBackupRestoration (0ms)
Platform modules already initialized, skipping
Registering precompiled user dll's ...
Registered in 0.005604 seconds.
Begin MonoManager ReloadAssembly
Native extension for OSXStandalone target not found
Refreshing native plugins compatible for Editor in 0.33 ms, found 2 plugins.
Preloading 0 native plugins for Editor in 0.00 ms.
Mono: successfully reloaded assembly
- Completed reload, in  2.135 seconds
Domain Reload Profiling:
	ReloadAssembly (2137ms)
		BeginReloadAssembly (236ms)
			ExecutionOrderSort (0ms)
			DisableScriptedObjects (33ms)
			BackupInstance (0ms)
			ReleaseScriptingObjects (0ms)
			CreateAndSetChildDomain (30ms)
		EndReloadAssembly (1813ms)
			LoadAssemblies (178ms)
			RebuildTransferFunctionScriptingTraits (0ms)
			SetupTypeCache (307ms)
			ReleaseScriptCaches (1ms)
			RebuildScriptCaches (48ms)
			SetupLoadedEditorAssemblies (1033ms)
				LogAssemblyErrors (0ms)
				InitializePlatformSupportModulesInManaged (13ms)
				SetLoadedEditorAssemblies (1ms)
				RefreshPlugins (0ms)
				BeforeProcessingInitializeOnLoad (225ms)
				ProcessInitializeOnLoadAttributes (763ms)
				ProcessInitializeOnLoadMethodAttributes (28ms)
				AfterProcessingInitializeOnLoad (1ms)
				EditorAssembliesLoaded (0ms)
			ExecutionOrderSort2 (0ms)
			AwakeInstancesAfterBackupRestoration (34ms)
Platform modules already initialized, skipping
Validating Project structure ... 0.001577 seconds.
Shader import version has changed; will reimport all shaders...
Upgrading shader files ...0.000787 seconds.
Application.AssetDatabase Initial Script Refresh Start
RefreshInfo: InitialScriptRefreshV2(NoUpdateAssetOptions) scanfilter:  ... 1 filters
RefreshProfiler: Total: 0.000ms
Application.AssetDatabase Initial Script Refresh End
Application.AssetDatabase.Refresh Start
Application.AssetDatabase.Refresh End
RefreshInfo: StopAssetImportingV2(ForceSynchronousImport) scanfilter: 
RefreshProfiler: Total: 0.000ms
Launching external process: /Applications/Unity/Unity.app/Contents/Tools/UnityShaderCompiler
Launched and connected shader compiler UnityShaderCompiler after 0.02 seconds
Initializing Unity extensions:
2022-04-15 19:38:07.544 Unity[2241:87379] NSEventModifierFlagFunction specified to -setKeyEquivalentModifierMask: for item <NSMenuItem: 0x60000097eed0 Font Asset, ke='Command-F12'>, but is only supported for system-provided menu items; will not be used
2022-04-15 19:38:07.547 Unity[2241:87379] NSEventModifierFlagFunction specified to -setKeyEquivalentModifierMask: for item <NSMenuItem: 0x60000096f790 Font Asset, ke='Command-F12'>, but is only supported for system-provided menu items; will not be used
========================================================================
Worker process is ready to serve import requests
Refreshing native plugins compatible for Editor in 0.31 ms, found 2 plugins.
Preloading 0 native plugins for Editor in 0.00 ms.
Unloading 1544 Unused Serialized files (Serialized files now loaded: 0)
System memory in use before: 182.1 MB.
System memory in use after: 181.8 MB.

Unloading 85 unused Assets to reduce memory usage. Loaded Objects now: 2037.
Total: 2.110083 ms (FindLiveObjects: 0.098584 ms CreateObjectMapping: 0.029209 ms MarkObjects: 1.824959 ms  DeleteObjects: 0.156542 ms)

AssetImportParameters requested are different than current active one (requested -> active):
  custom:video-decoder-ogg-theora: a1e56fd34408186e4bbccfd4996cb3dc -> 
  custom:container-muxer-webm: aa71ff27fc2769a1b78a27578f13a17b -> 
  custom:container-demuxer-webm: 4f35f7cbe854078d1ac9338744f61a02 -> 
  custom:container-demuxer-ogg: 62fdf1f143b41e24485cea50d1cbac27 -> 
  custom:video-encoder-webm-vp8: eb34c28f22e8b96e1ab97ce403110664 -> 
  custom:framework-osx-AVFoundation: e770b220cccbd017edd2c1fefb359320 -> 
  custom:video-decoder-webm-vp8: 9c59270c3fd7afecdb556c50c9e8de78 -> 
  custom:audio-decoder-ogg-vorbis: bf7c407c2cedff20999df2af8eb42d56 -> 
  custom:audio-encoder-webm-vorbis: bf7c407c2cedff20999df2af8eb42d56 -> 
========================================================================
Received Import Request.
  path: Assets/Images/UI
  artifactKey: Guid(6b260fb6ed93944fc81a2398739f6e74) Importer(815301076,1909f56bfc062723c751e8b465ee728b)
Start importing Assets/Images/UI using Guid(6b260fb6ed93944fc81a2398739f6e74) Importer(815301076,1909f56bfc062723c751e8b465ee728b)  -> (artifact id: '31d6d4997eff1045892fb4718d19d853') in 0.004956 seconds 
  Import took 0.006818 seconds .

========================================================================
Received Import Request.
  Time since last request: 45.383762 seconds.
  path: Assets/Images/UI/EnergyBar.png
  artifactKey: Guid(73d1293ac3e1c4f24af5027b58afa6ca) Importer(815301076,1909f56bfc062723c751e8b465ee728b)
Start importing Assets/Images/UI/EnergyBar.png using Guid(73d1293ac3e1c4f24af5027b58afa6ca) Importer(815301076,1909f56bfc062723c751e8b465ee728b)  -> (artifact id: '0427fda88625d20bdd2487d53e0a1daa') in 0.223342 seconds 
  Import took 0.227660 seconds .

========================================================================
Received Import Request.
  Time since last request: 0.000208 seconds.
  path: Assets/Images/UI/HeartContainer.png
  artifactKey: Guid(4ec4731fb463d4d269f02f2e3be4a212) Importer(815301076,1909f56bfc062723c751e8b465ee728b)
Start importing Assets/Images/UI/HeartContainer.png using Guid(4ec4731fb463d4d269f02f2e3be4a212) Importer(815301076,1909f56bfc062723c751e8b465ee728b)  -> (artifact id: 'd10067c8879220e83d77e8be743f68be') in 0.011921 seconds 
  Import took 0.014077 seconds .

========================================================================
Received Import Request.
  Time since last request: 0.000263 seconds.
  path: Assets/Images/UI/PauseButton.png
  artifactKey: Guid(7dc60a8d5b5b64d04a79bdd0d9f08dc1) Importer(815301076,1909f56bfc062723c751e8b465ee728b)
Start importing Assets/Images/UI/PauseButton.png using Guid(7dc60a8d5b5b64d04a79bdd0d9f08dc1) Importer(815301076,1909f56bfc062723c751e8b465ee728b)  -> (artifact id: '4fcf57c119bafa66a19caef0d5389509') in 0.008576 seconds 
  Import took 0.010867 seconds .

========================================================================
Received Import Request.
  Time since last request: 0.000232 seconds.
  path: Assets/Images/UI/HomeButton.png
  artifactKey: Guid(97a6ac5a2c4a449b387e77ce803fa3a9) Importer(815301076,1909f56bfc062723c751e8b465ee728b)
Start importing Assets/Images/UI/HomeButton.png using Guid(97a6ac5a2c4a449b387e77ce803fa3a9) Importer(815301076,1909f56bfc062723c751e8b465ee728b)  -> (artifact id: '9ada434f1959c7420f30cec3028720d1') in 0.006878 seconds 
  Import took 0.008731 seconds .

========================================================================
Received Import Request.
  Time since last request: 0.000231 seconds.
  path: Assets/Images/UI/ScoreBox .png
  artifactKey: Guid(0b1ab52b38bd340d5923f08f49beefb8) Importer(815301076,1909f56bfc062723c751e8b465ee728b)
Start importing Assets/Images/UI/ScoreBox .png using Guid(0b1ab52b38bd340d5923f08f49beefb8) Importer(815301076,1909f56bfc062723c751e8b465ee728b)  -> (artifact id: 'dc40ca72b0edfe1945c5e62ae2b38033') in 0.007223 seconds 
  Import took 0.009123 seconds .

========================================================================
Received Import Request.
  Time since last request: 0.000247 seconds.
  path: Assets/Images/UI/PauseMenu.png
  artifactKey: Guid(5196f69cbfbfa4d92bf01febe33aefdd) Importer(815301076,1909f56bfc062723c751e8b465ee728b)
Start importing Assets/Images/UI/PauseMenu.png using Guid(5196f69cbfbfa4d92bf01febe33aefdd) Importer(815301076,1909f56bfc062723c751e8b465ee728b)  -> (artifact id: '6a5571e44928c1b96a7748ec07517a82') in 0.009151 seconds 
  Import took 0.010857 seconds .

========================================================================
Received Import Request.
  Time since last request: 0.000261 seconds.
  path: Assets/Images/UI/ResumeButton.png
  artifactKey: Guid(3dcb437638d664d948845bed08c6f222) Importer(815301076,1909f56bfc062723c751e8b465ee728b)
Start importing Assets/Images/UI/ResumeButton.png using Guid(3dcb437638d664d948845bed08c6f222) Importer(815301076,1909f56bfc062723c751e8b465ee728b)  -> (artifact id: '355f9a21ca22a2e1c819b3fe9432cfe1') in 0.006491 seconds 
  Import took 0.008173 seconds .

========================================================================
Received Import Request.
  Time since last request: 17.473418 seconds.
  path: Assets/Images/UI/EnergyBar.png
  artifactKey: Guid(73d1293ac3e1c4f24af5027b58afa6ca) Importer(815301076,1909f56bfc062723c751e8b465ee728b)
Start importing Assets/Images/UI/EnergyBar.png using Guid(73d1293ac3e1c4f24af5027b58afa6ca) Importer(815301076,1909f56bfc062723c751e8b465ee728b)  -> (artifact id: 'b42e16acb34511424cad26593b0059f1') in 0.007532 seconds 
  Import took 0.009776 seconds .

========================================================================
Received Import Request.
  Time since last request: 0.000239 seconds.
  path: Assets/Images/UI/HeartContainer.png
  artifactKey: Guid(4ec4731fb463d4d269f02f2e3be4a212) Importer(815301076,1909f56bfc062723c751e8b465ee728b)
Start importing Assets/Images/UI/HeartContainer.png using Guid(4ec4731fb463d4d269f02f2e3be4a212) Importer(815301076,1909f56bfc062723c751e8b465ee728b)  -> (artifact id: '9f64ef8783a3107a2d447165d408da51') in 0.009303 seconds 
  Import took 0.011254 seconds .

========================================================================
Received Import Request.
  Time since last request: 0.000271 seconds.
  path: Assets/Images/UI/HomeButton.png
  artifactKey: Guid(97a6ac5a2c4a449b387e77ce803fa3a9) Importer(815301076,1909f56bfc062723c751e8b465ee728b)
Start importing Assets/Images/UI/HomeButton.png using Guid(97a6ac5a2c4a449b387e77ce803fa3a9) Importer(815301076,1909f56bfc062723c751e8b465ee728b)  -> (artifact id: '0de3410345303a6467f4c411bcf3765b') in 0.010164 seconds 
  Import took 0.012173 seconds .

========================================================================
Received Import Request.
  Time since last request: 17.323571 seconds.
  path: Assets/Images/UI/PauseButton.png
  artifactKey: Guid(7dc60a8d5b5b64d04a79bdd0d9f08dc1) Importer(815301076,1909f56bfc062723c751e8b465ee728b)
Start importing Assets/Images/UI/PauseButton.png using Guid(7dc60a8d5b5b64d04a79bdd0d9f08dc1) Importer(815301076,1909f56bfc062723c751e8b465ee728b)  -> (artifact id: '9b4853d8da61e9f4746ddf110778c531') in 0.008333 seconds 
  Import took 0.010489 seconds .

========================================================================
Received Import Request.
  Time since last request: 0.000201 seconds.
  path: Assets/Images/UI/ScoreBox .png
  artifactKey: Guid(0b1ab52b38bd340d5923f08f49beefb8) Importer(815301076,1909f56bfc062723c751e8b465ee728b)
Start importing Assets/Images/UI/ScoreBox .png using Guid(0b1ab52b38bd340d5923f08f49beefb8) Importer(815301076,1909f56bfc062723c751e8b465ee728b)  -> (artifact id: '50500566dc4f0be2ec73f79c1b261f73') in 0.008233 seconds 
  Import took 0.010418 seconds .

========================================================================
Received Import Request.
  Time since last request: 0.000196 seconds.
  path: Assets/Images/UI/PauseMenu.png
  artifactKey: Guid(5196f69cbfbfa4d92bf01febe33aefdd) Importer(815301076,1909f56bfc062723c751e8b465ee728b)
Start importing Assets/Images/UI/PauseMenu.png using Guid(5196f69cbfbfa4d92bf01febe33aefdd) Importer(815301076,1909f56bfc062723c751e8b465ee728b)  -> (artifact id: '760769f5d222d55dc5ecefba4cf85474') in 0.009024 seconds 
  Import took 0.010893 seconds .

========================================================================
Received Import Request.
  Time since last request: 0.000277 seconds.
  path: Assets/Images/UI/ResumeButton.png
  artifactKey: Guid(3dcb437638d664d948845bed08c6f222) Importer(815301076,1909f56bfc062723c751e8b465ee728b)
Start importing Assets/Images/UI/ResumeButton.png using Guid(3dcb437638d664d948845bed08c6f222) Importer(815301076,1909f56bfc062723c751e8b465ee728b)  -> (artifact id: 'afd6088a4b67aba61936a1593c8cd615') in 0.006406 seconds 
  Import took 0.008302 seconds .

========================================================================
Received Import Request.
  Time since last request: 146.018061 seconds.
  path: Assets/Images/Background/Background
  artifactKey: Guid(a9c4faf0faaca58409de228f2e9b6af0) Importer(815301076,1909f56bfc062723c751e8b465ee728b)
Start importing Assets/Images/Background/Background using Guid(a9c4faf0faaca58409de228f2e9b6af0) Importer(815301076,1909f56bfc062723c751e8b465ee728b)  -> (artifact id: 'fdb010727cefc9058af90f3a527b7aed') in 0.001576 seconds 
  Import took 0.005539 seconds .

========================================================================
Received Import Request.
  Time since last request: 655.284585 seconds.
  path: Assets/Scipt/PauseMenu.cs
  artifactKey: Guid(b9de85117b4a84a119e2009f945ade19) Importer(815301076,1909f56bfc062723c751e8b465ee728b)
Start importing Assets/Scipt/PauseMenu.cs using Guid(b9de85117b4a84a119e2009f945ade19) Importer(815301076,1909f56bfc062723c751e8b465ee728b)  -> (artifact id: 'cf2decbe1b59b4bc179b67f37be82f0f') in 0.847660 seconds 
  Import took 0.851653 seconds .

========================================================================
Received Prepare
Registering precompiled user dll's ...
Registered in 0.002421 seconds.
Begin MonoManager ReloadAssembly
Native extension for OSXStandalone target not found
Refreshing native plugins compatible for Editor in 0.39 ms, found 2 plugins.
Preloading 0 native plugins for Editor in 0.00 ms.
2022-04-15 19:52:59.981 Unity[2241:87379] NSEventModifierFlagFunction specified to -setKeyEquivalentModifierMask: for item <NSMenuItem: 0x6000009727d0 Font Asset, ke='Command-F12'>, but is only supported for system-provided menu items; will not be used
Mono: successfully reloaded assembly
- Completed reload, in  2.370 seconds
Domain Reload Profiling:
	ReloadAssembly (2371ms)
		BeginReloadAssembly (208ms)
			ExecutionOrderSort (0ms)
			DisableScriptedObjects (34ms)
			BackupInstance (0ms)
			ReleaseScriptingObjects (0ms)
			CreateAndSetChildDomain (65ms)
		EndReloadAssembly (2052ms)
			LoadAssemblies (202ms)
			RebuildTransferFunctionScriptingTraits (0ms)
			SetupTypeCache (370ms)
			ReleaseScriptCaches (1ms)
			RebuildScriptCaches (54ms)
			SetupLoadedEditorAssemblies (1135ms)
				LogAssemblyErrors (0ms)
				InitializePlatformSupportModulesInManaged (15ms)
				SetLoadedEditorAssemblies (2ms)
				RefreshPlugins (0ms)
				BeforeProcessingInitializeOnLoad (269ms)
				ProcessInitializeOnLoadAttributes (818ms)
				ProcessInitializeOnLoadMethodAttributes (29ms)
				AfterProcessingInitializeOnLoad (1ms)
				EditorAssembliesLoaded (0ms)
			ExecutionOrderSort2 (0ms)
			AwakeInstancesAfterBackupRestoration (32ms)
Platform modules already initialized, skipping
Refreshing native plugins compatible for Editor in 0.38 ms, found 2 plugins.
Preloading 0 native plugins for Editor in 0.00 ms.
Unloading 1538 Unused Serialized files (Serialized files now loaded: 0)
System memory in use before: 189.1 MB.
System memory in use after: 189.3 MB.

Unloading 15 unused Assets to reduce memory usage. Loaded Objects now: 2056.
Total: 2.222083 ms (FindLiveObjects: 0.159750 ms CreateObjectMapping: 0.032625 ms MarkObjects: 2.004125 ms  DeleteObjects: 0.024042 ms)

AssetImportParameters requested are different than current active one (requested -> active):
  custom:video-decoder-ogg-theora: a1e56fd34408186e4bbccfd4996cb3dc -> 
  custom:container-muxer-webm: aa71ff27fc2769a1b78a27578f13a17b -> 
  custom:container-demuxer-webm: 4f35f7cbe854078d1ac9338744f61a02 -> 
  custom:container-demuxer-ogg: 62fdf1f143b41e24485cea50d1cbac27 -> 
  custom:video-encoder-webm-vp8: eb34c28f22e8b96e1ab97ce403110664 -> 
  custom:framework-osx-AVFoundation: e770b220cccbd017edd2c1fefb359320 -> 
  custom:video-decoder-webm-vp8: 9c59270c3fd7afecdb556c50c9e8de78 -> 
  custom:audio-decoder-ogg-vorbis: bf7c407c2cedff20999df2af8eb42d56 -> 
  custom:audio-encoder-webm-vorbis: bf7c407c2cedff20999df2af8eb42d56 -> 
========================================================================
Received Prepare
Registering precompiled user dll's ...
Registered in 0.002300 seconds.
Begin MonoManager ReloadAssembly
Native extension for OSXStandalone target not found
Refreshing native plugins compatible for Editor in 0.35 ms, found 2 plugins.
Preloading 0 native plugins for Editor in 0.00 ms.
2022-04-15 19:57:11.058 Unity[2241:87379] NSEventModifierFlagFunction specified to -setKeyEquivalentModifierMask: for item <NSMenuItem: 0x60000097ed80 Font Asset, ke='Command-F12'>, but is only supported for system-provided menu items; will not be used
Mono: successfully reloaded assembly
- Completed reload, in  2.120 seconds
Domain Reload Profiling:
	ReloadAssembly (2121ms)
		BeginReloadAssembly (185ms)
			ExecutionOrderSort (0ms)
			DisableScriptedObjects (31ms)
			BackupInstance (0ms)
			ReleaseScriptingObjects (0ms)
			CreateAndSetChildDomain (57ms)
		EndReloadAssembly (1843ms)
			LoadAssemblies (173ms)
			RebuildTransferFunctionScriptingTraits (0ms)
			SetupTypeCache (317ms)
			ReleaseScriptCaches (1ms)
			RebuildScriptCaches (48ms)
			SetupLoadedEditorAssemblies (1045ms)
				LogAssemblyErrors (0ms)
				InitializePlatformSupportModulesInManaged (14ms)
				SetLoadedEditorAssemblies (1ms)
				RefreshPlugins (0ms)
				BeforeProcessingInitializeOnLoad (255ms)
				ProcessInitializeOnLoadAttributes (746ms)
				ProcessInitializeOnLoadMethodAttributes (27ms)
				AfterProcessingInitializeOnLoad (1ms)
				EditorAssembliesLoaded (0ms)
			ExecutionOrderSort2 (0ms)
			AwakeInstancesAfterBackupRestoration (31ms)
Platform modules already initialized, skipping
Refreshing native plugins compatible for Editor in 0.35 ms, found 2 plugins.
Preloading 0 native plugins for Editor in 0.00 ms.
Unloading 1538 Unused Serialized files (Serialized files now loaded: 0)
System memory in use before: 189.3 MB.
System memory in use after: 189.4 MB.

Unloading 14 unused Assets to reduce memory usage. Loaded Objects now: 2058.
Total: 1.918750 ms (FindLiveObjects: 0.090334 ms CreateObjectMapping: 0.029500 ms MarkObjects: 1.782792 ms  DeleteObjects: 0.015209 ms)

AssetImportParameters requested are different than current active one (requested -> active):
  custom:video-decoder-ogg-theora: a1e56fd34408186e4bbccfd4996cb3dc -> 
  custom:container-muxer-webm: aa71ff27fc2769a1b78a27578f13a17b -> 
  custom:container-demuxer-webm: 4f35f7cbe854078d1ac9338744f61a02 -> 
  custom:container-demuxer-ogg: 62fdf1f143b41e24485cea50d1cbac27 -> 
  custom:video-encoder-webm-vp8: eb34c28f22e8b96e1ab97ce403110664 -> 
  custom:framework-osx-AVFoundation: e770b220cccbd017edd2c1fefb359320 -> 
  custom:video-decoder-webm-vp8: 9c59270c3fd7afecdb556c50c9e8de78 -> 
  custom:audio-decoder-ogg-vorbis: bf7c407c2cedff20999df2af8eb42d56 -> 
  custom:audio-encoder-webm-vorbis: bf7c407c2cedff20999df2af8eb42d56 -> 
========================================================================
Received Prepare
Registering precompiled user dll's ...
Registered in 0.004520 seconds.
Begin MonoManager ReloadAssembly
Native extension for OSXStandalone target not found
Refreshing native plugins compatible for Editor in 0.33 ms, found 2 plugins.
Preloading 0 native plugins for Editor in 0.00 ms.
2022-04-15 20:02:04.525 Unity[2241:87379] NSEventModifierFlagFunction specified to -setKeyEquivalentModifierMask: for item <NSMenuItem: 0x600000977090 Font Asset, ke='Command-F12'>, but is only supported for system-provided menu items; will not be used
Mono: successfully reloaded assembly
- Completed reload, in  2.078 seconds
Domain Reload Profiling:
	ReloadAssembly (2078ms)
		BeginReloadAssembly (186ms)
			ExecutionOrderSort (0ms)
			DisableScriptedObjects (30ms)
			BackupInstance (0ms)
			ReleaseScriptingObjects (0ms)
			CreateAndSetChildDomain (58ms)
		EndReloadAssembly (1801ms)
			LoadAssemblies (183ms)
			RebuildTransferFunctionScriptingTraits (0ms)
			SetupTypeCache (305ms)
			ReleaseScriptCaches (1ms)
			RebuildScriptCaches (46ms)
			SetupLoadedEditorAssemblies (1009ms)
				LogAssemblyErrors (0ms)
				InitializePlatformSupportModulesInManaged (13ms)
				SetLoadedEditorAssemblies (1ms)
				RefreshPlugins (0ms)
				BeforeProcessingInitializeOnLoad (238ms)
				ProcessInitializeOnLoadAttributes (725ms)
				ProcessInitializeOnLoadMethodAttributes (29ms)
				AfterProcessingInitializeOnLoad (1ms)
				EditorAssembliesLoaded (0ms)
			ExecutionOrderSort2 (0ms)
			AwakeInstancesAfterBackupRestoration (34ms)
Platform modules already initialized, skipping
Refreshing native plugins compatible for Editor in 0.34 ms, found 2 plugins.
Preloading 0 native plugins for Editor in 0.00 ms.
Unloading 1538 Unused Serialized files (Serialized files now loaded: 0)
System memory in use before: 189.5 MB.
System memory in use after: 189.6 MB.

Unloading 14 unused Assets to reduce memory usage. Loaded Objects now: 2060.
Total: 2.112209 ms (FindLiveObjects: 0.133833 ms CreateObjectMapping: 0.034333 ms MarkObjects: 1.929500 ms  DeleteObjects: 0.013458 ms)

AssetImportParameters requested are different than current active one (requested -> active):
  custom:video-decoder-ogg-theora: a1e56fd34408186e4bbccfd4996cb3dc -> 
  custom:container-muxer-webm: aa71ff27fc2769a1b78a27578f13a17b -> 
  custom:container-demuxer-webm: 4f35f7cbe854078d1ac9338744f61a02 -> 
  custom:container-demuxer-ogg: 62fdf1f143b41e24485cea50d1cbac27 -> 
  custom:video-encoder-webm-vp8: eb34c28f22e8b96e1ab97ce403110664 -> 
  custom:framework-osx-AVFoundation: e770b220cccbd017edd2c1fefb359320 -> 
  custom:video-decoder-webm-vp8: 9c59270c3fd7afecdb556c50c9e8de78 -> 
  custom:audio-decoder-ogg-vorbis: bf7c407c2cedff20999df2af8eb42d56 -> 
  custom:audio-encoder-webm-vorbis: bf7c407c2cedff20999df2af8eb42d56 -> 
========================================================================
Received Prepare
Registering precompiled user dll's ...
Registered in 0.002375 seconds.
Begin MonoManager ReloadAssembly
Native extension for OSXStandalone target not found
Refreshing native plugins compatible for Editor in 0.33 ms, found 2 plugins.
Preloading 0 native plugins for Editor in 0.00 ms.
2022-04-15 20:03:16.172 Unity[2241:87379] NSEventModifierFlagFunction specified to -setKeyEquivalentModifierMask: for item <NSMenuItem: 0x600000977090 Font Asset, ke='Command-F12'>, but is only supported for system-provided menu items; will not be used
Mono: successfully reloaded assembly
- Completed reload, in  2.079 seconds
Domain Reload Profiling:
	ReloadAssembly (2080ms)
		BeginReloadAssembly (181ms)
			ExecutionOrderSort (0ms)
			DisableScriptedObjects (30ms)
			BackupInstance (0ms)
			ReleaseScriptingObjects (0ms)
			CreateAndSetChildDomain (55ms)
		EndReloadAssembly (1810ms)
			LoadAssemblies (179ms)
			RebuildTransferFunctionScriptingTraits (0ms)
			SetupTypeCache (307ms)
			ReleaseScriptCaches (1ms)
			RebuildScriptCaches (47ms)
			SetupLoadedEditorAssemblies (1027ms)
				LogAssemblyErrors (0ms)
				InitializePlatformSupportModulesInManaged (13ms)
				SetLoadedEditorAssemblies (1ms)
				RefreshPlugins (0ms)
				BeforeProcessingInitializeOnLoad (262ms)
				ProcessInitializeOnLoadAttributes (722ms)
				ProcessInitializeOnLoadMethodAttributes (26ms)
				AfterProcessingInitializeOnLoad (1ms)
				EditorAssembliesLoaded (0ms)
			ExecutionOrderSort2 (0ms)
			AwakeInstancesAfterBackupRestoration (30ms)
Platform modules already initialized, skipping
Refreshing native plugins compatible for Editor in 0.34 ms, found 2 plugins.
Preloading 0 native plugins for Editor in 0.00 ms.
Unloading 1538 Unused Serialized files (Serialized files now loaded: 0)
System memory in use before: 189.7 MB.
System memory in use after: 189.8 MB.

Unloading 14 unused Assets to reduce memory usage. Loaded Objects now: 2062.
Total: 1.898042 ms (FindLiveObjects: 0.095375 ms CreateObjectMapping: 0.029667 ms MarkObjects: 1.758875 ms  DeleteObjects: 0.013208 ms)

AssetImportParameters requested are different than current active one (requested -> active):
  custom:video-decoder-ogg-theora: a1e56fd34408186e4bbccfd4996cb3dc -> 
  custom:container-muxer-webm: aa71ff27fc2769a1b78a27578f13a17b -> 
  custom:container-demuxer-webm: 4f35f7cbe854078d1ac9338744f61a02 -> 
  custom:container-demuxer-ogg: 62fdf1f143b41e24485cea50d1cbac27 -> 
  custom:video-encoder-webm-vp8: eb34c28f22e8b96e1ab97ce403110664 -> 
  custom:framework-osx-AVFoundation: e770b220cccbd017edd2c1fefb359320 -> 
  custom:video-decoder-webm-vp8: 9c59270c3fd7afecdb556c50c9e8de78 -> 
  custom:audio-decoder-ogg-vorbis: bf7c407c2cedff20999df2af8eb42d56 -> 
  custom:audio-encoder-webm-vorbis: bf7c407c2cedff20999df2af8eb42d56 -> 
========================================================================
Received Prepare
Registering precompiled user dll's ...
Registered in 0.001584 seconds.
Begin MonoManager ReloadAssembly
Native extension for OSXStandalone target not found
Refreshing native plugins compatible for Editor in 0.34 ms, found 2 plugins.
Preloading 0 native plugins for Editor in 0.00 ms.
2022-04-15 20:04:21.723 Unity[2241:87379] NSEventModifierFlagFunction specified to -setKeyEquivalentModifierMask: for item <NSMenuItem: 0x600000976a00 Font Asset, ke='Command-F12'>, but is only supported for system-provided menu items; will not be used
Mono: successfully reloaded assembly
- Completed reload, in  2.042 seconds
Domain Reload Profiling:
	ReloadAssembly (2043ms)
		BeginReloadAssembly (179ms)
			ExecutionOrderSort (0ms)
			DisableScriptedObjects (29ms)
			BackupInstance (0ms)
			ReleaseScriptingObjects (0ms)
			CreateAndSetChildDomain (56ms)
		EndReloadAssembly (1774ms)
			LoadAssemblies (169ms)
			RebuildTransferFunctionScriptingTraits (0ms)
			SetupTypeCache (307ms)
			ReleaseScriptCaches (1ms)
			RebuildScriptCaches (45ms)
			SetupLoadedEditorAssemblies (998ms)
				LogAssemblyErrors (0ms)
				InitializePlatformSupportModulesInManaged (14ms)
				SetLoadedEditorAssemblies (1ms)
				RefreshPlugins (0ms)
				BeforeProcessingInitializeOnLoad (237ms)
				ProcessInitializeOnLoadAttributes (717ms)
				ProcessInitializeOnLoadMethodAttributes (27ms)
				AfterProcessingInitializeOnLoad (1ms)
				EditorAssembliesLoaded (0ms)
			ExecutionOrderSort2 (0ms)
			AwakeInstancesAfterBackupRestoration (33ms)
Platform modules already initialized, skipping
Refreshing native plugins compatible for Editor in 0.46 ms, found 2 plugins.
Preloading 0 native plugins for Editor in 0.00 ms.
Unloading 1538 Unused Serialized files (Serialized files now loaded: 0)
System memory in use before: 189.9 MB.
System memory in use after: 190.0 MB.

Unloading 14 unused Assets to reduce memory usage. Loaded Objects now: 2064.
Total: 2.075292 ms (FindLiveObjects: 0.111167 ms CreateObjectMapping: 0.028708 ms MarkObjects: 1.917250 ms  DeleteObjects: 0.017125 ms)

AssetImportParameters requested are different than current active one (requested -> active):
  custom:video-decoder-ogg-theora: a1e56fd34408186e4bbccfd4996cb3dc -> 
  custom:container-muxer-webm: aa71ff27fc2769a1b78a27578f13a17b -> 
  custom:container-demuxer-webm: 4f35f7cbe854078d1ac9338744f61a02 -> 
  custom:container-demuxer-ogg: 62fdf1f143b41e24485cea50d1cbac27 -> 
  custom:video-encoder-webm-vp8: eb34c28f22e8b96e1ab97ce403110664 -> 
  custom:framework-osx-AVFoundation: e770b220cccbd017edd2c1fefb359320 -> 
  custom:video-decoder-webm-vp8: 9c59270c3fd7afecdb556c50c9e8de78 -> 
  custom:audio-decoder-ogg-vorbis: bf7c407c2cedff20999df2af8eb42d56 -> 
  custom:audio-encoder-webm-vorbis: bf7c407c2cedff20999df2af8eb42d56 -> 
========================================================================
Received Prepare
Registering precompiled user dll's ...
Registered in 0.001280 seconds.
Begin MonoManager ReloadAssembly
Native extension for OSXStandalone target not found
Refreshing native plugins compatible for Editor in 0.33 ms, found 2 plugins.
Preloading 0 native plugins for Editor in 0.00 ms.
2022-04-15 20:08:18.146 Unity[2241:87379] NSEventModifierFlagFunction specified to -setKeyEquivalentModifierMask: for item <NSMenuItem: 0x600000977090 Font Asset, ke='Command-F12'>, but is only supported for system-provided menu items; will not be used
Mono: successfully reloaded assembly
- Completed reload, in  2.022 seconds
Domain Reload Profiling:
	ReloadAssembly (2022ms)
		BeginReloadAssembly (175ms)
			ExecutionOrderSort (0ms)
			DisableScriptedObjects (29ms)
			BackupInstance (0ms)
			ReleaseScriptingObjects (0ms)
			CreateAndSetChildDomain (54ms)
		EndReloadAssembly (1760ms)
			LoadAssemblies (163ms)
			RebuildTransferFunctionScriptingTraits (0ms)
			SetupTypeCache (297ms)
			ReleaseScriptCaches (1ms)
			RebuildScriptCaches (45ms)
			SetupLoadedEditorAssemblies (1003ms)
				LogAssemblyErrors (0ms)
				InitializePlatformSupportModulesInManaged (14ms)
				SetLoadedEditorAssemblies (1ms)
				RefreshPlugins (0ms)
				BeforeProcessingInitializeOnLoad (236ms)
				ProcessInitializeOnLoadAttributes (722ms)
				ProcessInitializeOnLoadMethodAttributes (29ms)
				AfterProcessingInitializeOnLoad (1ms)
				EditorAssembliesLoaded (0ms)
			ExecutionOrderSort2 (0ms)
			AwakeInstancesAfterBackupRestoration (34ms)
Platform modules already initialized, skipping
Refreshing native plugins compatible for Editor in 0.32 ms, found 2 plugins.
Preloading 0 native plugins for Editor in 0.00 ms.
Unloading 1538 Unused Serialized files (Serialized files now loaded: 0)
System memory in use before: 190.1 MB.
System memory in use after: 190.2 MB.

Unloading 14 unused Assets to reduce memory usage. Loaded Objects now: 2066.
Total: 1.918583 ms (FindLiveObjects: 0.105417 ms CreateObjectMapping: 0.029084 ms MarkObjects: 1.771000 ms  DeleteObjects: 0.012125 ms)

AssetImportParameters requested are different than current active one (requested -> active):
  custom:video-decoder-ogg-theora: a1e56fd34408186e4bbccfd4996cb3dc -> 
  custom:container-muxer-webm: aa71ff27fc2769a1b78a27578f13a17b -> 
  custom:container-demuxer-webm: 4f35f7cbe854078d1ac9338744f61a02 -> 
  custom:container-demuxer-ogg: 62fdf1f143b41e24485cea50d1cbac27 -> 
  custom:video-encoder-webm-vp8: eb34c28f22e8b96e1ab97ce403110664 -> 
  custom:framework-osx-AVFoundation: e770b220cccbd017edd2c1fefb359320 -> 
  custom:video-decoder-webm-vp8: 9c59270c3fd7afecdb556c50c9e8de78 -> 
  custom:audio-decoder-ogg-vorbis: bf7c407c2cedff20999df2af8eb42d56 -> 
  custom:audio-encoder-webm-vorbis: bf7c407c2cedff20999df2af8eb42d56 -> 
========================================================================
Received Import Request.
  Time since last request: 1115.117526 seconds.
  path: ProjectSettings/TagManager.asset
  artifactKey: Guid(00000000000000003000000000000000) Importer(815301076,1909f56bfc062723c751e8b465ee728b)
Start importing ProjectSettings/TagManager.asset using Guid(00000000000000003000000000000000) Importer(815301076,1909f56bfc062723c751e8b465ee728b)  -> (artifact id: 'bfb3c7d0c393d1391c19ab49154fe4ea') in 0.091130 seconds 
  Import took 0.094548 seconds .

========================================================================
Received Prepare
Registering precompiled user dll's ...
Registered in 0.007854 seconds.
Begin MonoManager ReloadAssembly
Native extension for OSXStandalone target not found
Refreshing native plugins compatible for Editor in 0.33 ms, found 2 plugins.
Preloading 0 native plugins for Editor in 0.00 ms.
2022-04-15 20:23:57.316 Unity[2241:87379] NSEventModifierFlagFunction specified to -setKeyEquivalentModifierMask: for item <NSMenuItem: 0x600000975ea0 Font Asset, ke='Command-F12'>, but is only supported for system-provided menu items; will not be used
Mono: successfully reloaded assembly
- Completed reload, in  2.030 seconds
Domain Reload Profiling:
	ReloadAssembly (2033ms)
		BeginReloadAssembly (184ms)
			ExecutionOrderSort (0ms)
			DisableScriptedObjects (31ms)
			BackupInstance (0ms)
			ReleaseScriptingObjects (0ms)
			CreateAndSetChildDomain (56ms)
		EndReloadAssembly (1760ms)
			LoadAssemblies (181ms)
			RebuildTransferFunctionScriptingTraits (0ms)
			SetupTypeCache (302ms)
			ReleaseScriptCaches (1ms)
			RebuildScriptCaches (46ms)
			SetupLoadedEditorAssemblies (982ms)
				LogAssemblyErrors (0ms)
				InitializePlatformSupportModulesInManaged (13ms)
				SetLoadedEditorAssemblies (2ms)
				RefreshPlugins (0ms)
				BeforeProcessingInitializeOnLoad (234ms)
				ProcessInitializeOnLoadAttributes (701ms)
				ProcessInitializeOnLoadMethodAttributes (30ms)
				AfterProcessingInitializeOnLoad (1ms)
				EditorAssembliesLoaded (0ms)
			ExecutionOrderSort2 (0ms)
			AwakeInstancesAfterBackupRestoration (31ms)
Platform modules already initialized, skipping
Refreshing native plugins compatible for Editor in 0.33 ms, found 2 plugins.
Preloading 0 native plugins for Editor in 0.00 ms.
Unloading 1538 Unused Serialized files (Serialized files now loaded: 0)
System memory in use before: 194.4 MB.
System memory in use after: 194.6 MB.

Unloading 15 unused Assets to reduce memory usage. Loaded Objects now: 2068.
Total: 1.951791 ms (FindLiveObjects: 0.100958 ms CreateObjectMapping: 0.029875 ms MarkObjects: 1.804500 ms  DeleteObjects: 0.015416 ms)

AssetImportParameters requested are different than current active one (requested -> active):
  custom:video-decoder-ogg-theora: a1e56fd34408186e4bbccfd4996cb3dc -> 
  custom:container-muxer-webm: aa71ff27fc2769a1b78a27578f13a17b -> 
  custom:container-demuxer-webm: 4f35f7cbe854078d1ac9338744f61a02 -> 
  custom:container-demuxer-ogg: 62fdf1f143b41e24485cea50d1cbac27 -> 
  custom:video-encoder-webm-vp8: eb34c28f22e8b96e1ab97ce403110664 -> 
  custom:framework-osx-AVFoundation: e770b220cccbd017edd2c1fefb359320 -> 
  custom:video-decoder-webm-vp8: 9c59270c3fd7afecdb556c50c9e8de78 -> 
  custom:audio-decoder-ogg-vorbis: bf7c407c2cedff20999df2af8eb42d56 -> 
  custom:audio-encoder-webm-vorbis: bf7c407c2cedff20999df2af8eb42d56 -> 
========================================================================
Received Import Request.
  Time since last request: 799.566940 seconds.
  path: Assets/Scenes/MainMenu.unity
  artifactKey: Guid(ffd392db461584a98ba6d74213fa9087) Importer(815301076,1909f56bfc062723c751e8b465ee728b)
Start importing Assets/Scenes/MainMenu.unity using Guid(ffd392db461584a98ba6d74213fa9087) Importer(815301076,1909f56bfc062723c751e8b465ee728b)  -> (artifact id: '286fb621baf043449c354d5b75345a59') in 0.018083 seconds 
  Import took 0.020426 seconds .

========================================================================
Received Import Request.
  Time since last request: 16.402855 seconds.
  path: Assets/Scenes/Celestial.unity
  artifactKey: Guid(d46fd2157e7110e429eda96cbdf93a53) Importer(815301076,1909f56bfc062723c751e8b465ee728b)
Start importing Assets/Scenes/Celestial.unity using Guid(d46fd2157e7110e429eda96cbdf93a53) Importer(815301076,1909f56bfc062723c751e8b465ee728b)  -> (artifact id: 'd9ef58f0ad84447d8bcb3537c695e822') in 0.004180 seconds 
  Import took 0.008417 seconds .

========================================================================
Received Import Request.
  Time since last request: 37.264142 seconds.
  path: Assets/Images/UI/HomeButton S.png
  artifactKey: Guid(e47aec4b9eadf4e9a9fafcb340d68cae) Importer(815301076,1909f56bfc062723c751e8b465ee728b)
Start importing Assets/Images/UI/HomeButton S.png using Guid(e47aec4b9eadf4e9a9fafcb340d68cae) Importer(815301076,1909f56bfc062723c751e8b465ee728b)  -> (artifact id: 'cf29252631db0c3330fdacdf6d4f2e5d') in 0.109719 seconds 
  Import took 0.111895 seconds .

========================================================================
Received Import Request.
  Time since last request: 0.000216 seconds.
  path: Assets/Images/UI/PauseButton S.png
  artifactKey: Guid(4f003ae2943e64643a191faa9a45284f) Importer(815301076,1909f56bfc062723c751e8b465ee728b)
Start importing Assets/Images/UI/PauseButton S.png using Guid(4f003ae2943e64643a191faa9a45284f) Importer(815301076,1909f56bfc062723c751e8b465ee728b)  -> (artifact id: 'b5b2f360b754afc212bcf6fc804e8922') in 0.010211 seconds 
  Import took 0.012103 seconds .

========================================================================
Received Import Request.
  Time since last request: 0.000206 seconds.
  path: Assets/Images/UI/ResumeButton S.png
  artifactKey: Guid(01c12db04693b4007910baceb5b26824) Importer(815301076,1909f56bfc062723c751e8b465ee728b)
Start importing Assets/Images/UI/ResumeButton S.png using Guid(01c12db04693b4007910baceb5b26824) Importer(815301076,1909f56bfc062723c751e8b465ee728b)  -> (artifact id: '11c2416169607667ce5572d52ea14a44') in 0.007408 seconds 
  Import took 0.009263 seconds .

========================================================================
Received Import Request.
  Time since last request: 21.656382 seconds.
  path: Assets/Images/UI/HomeButton S.png
  artifactKey: Guid(e47aec4b9eadf4e9a9fafcb340d68cae) Importer(815301076,1909f56bfc062723c751e8b465ee728b)
Start importing Assets/Images/UI/HomeButton S.png using Guid(e47aec4b9eadf4e9a9fafcb340d68cae) Importer(815301076,1909f56bfc062723c751e8b465ee728b)  -> (artifact id: '6b2e93320ebb268f09f1abebd2e1d35f') in 0.008061 seconds 
  Import took 0.010392 seconds .

========================================================================
Received Import Request.
  Time since last request: 0.000209 seconds.
  path: Assets/Images/UI/PauseButton S.png
  artifactKey: Guid(4f003ae2943e64643a191faa9a45284f) Importer(815301076,1909f56bfc062723c751e8b465ee728b)
Start importing Assets/Images/UI/PauseButton S.png using Guid(4f003ae2943e64643a191faa9a45284f) Importer(815301076,1909f56bfc062723c751e8b465ee728b)  -> (artifact id: 'a52596520c3447af860ea8d8cb0a4dd1') in 0.009183 seconds 
  Import took 0.011205 seconds .

========================================================================
Received Import Request.
  Time since last request: 0.000212 seconds.
  path: Assets/Images/UI/ResumeButton S.png
  artifactKey: Guid(01c12db04693b4007910baceb5b26824) Importer(815301076,1909f56bfc062723c751e8b465ee728b)
Start importing Assets/Images/UI/ResumeButton S.png using Guid(01c12db04693b4007910baceb5b26824) Importer(815301076,1909f56bfc062723c751e8b465ee728b)  -> (artifact id: '0fb2372dc7d22c27b2595271237e9e51') in 0.006750 seconds 
  Import took 0.009218 seconds .

========================================================================
Received Prepare
Registering precompiled user dll's ...
Registered in 0.003555 seconds.
Begin MonoManager ReloadAssembly
Native extension for OSXStandalone target not found
Refreshing native plugins compatible for Editor in 0.36 ms, found 2 plugins.
Preloading 0 native plugins for Editor in 0.00 ms.
2022-04-15 20:27:59.003 Unity[2241:87379] NSEventModifierFlagFunction specified to -setKeyEquivalentModifierMask: for item <NSMenuItem: 0x60000094aed0 Font Asset, ke='Command-F12'>, but is only supported for system-provided menu items; will not be used
Mono: successfully reloaded assembly
- Completed reload, in  2.019 seconds
Domain Reload Profiling:
	ReloadAssembly (2020ms)
		BeginReloadAssembly (180ms)
			ExecutionOrderSort (0ms)
			DisableScriptedObjects (30ms)
			BackupInstance (0ms)
			ReleaseScriptingObjects (0ms)
			CreateAndSetChildDomain (54ms)
		EndReloadAssembly (1751ms)
			LoadAssemblies (180ms)
			RebuildTransferFunctionScriptingTraits (0ms)
			SetupTypeCache (300ms)
			ReleaseScriptCaches (1ms)
			RebuildScriptCaches (46ms)
			SetupLoadedEditorAssemblies (977ms)
				LogAssemblyErrors (0ms)
				InitializePlatformSupportModulesInManaged (14ms)
				SetLoadedEditorAssemblies (1ms)
				RefreshPlugins (0ms)
				BeforeProcessingInitializeOnLoad (230ms)
				ProcessInitializeOnLoadAttributes (699ms)
				ProcessInitializeOnLoadMethodAttributes (32ms)
				AfterProcessingInitializeOnLoad (1ms)
				EditorAssembliesLoaded (0ms)
			ExecutionOrderSort2 (0ms)
			AwakeInstancesAfterBackupRestoration (33ms)
Platform modules already initialized, skipping
Refreshing native plugins compatible for Editor in 0.33 ms, found 2 plugins.
Preloading 0 native plugins for Editor in 0.00 ms.
Unloading 1538 Unused Serialized files (Serialized files now loaded: 0)
System memory in use before: 194.6 MB.
System memory in use after: 194.7 MB.

Unloading 14 unused Assets to reduce memory usage. Loaded Objects now: 2071.
Total: 1.947708 ms (FindLiveObjects: 0.092417 ms CreateObjectMapping: 0.029750 ms MarkObjects: 1.812167 ms  DeleteObjects: 0.012666 ms)

AssetImportParameters requested are different than current active one (requested -> active):
  custom:video-decoder-ogg-theora: a1e56fd34408186e4bbccfd4996cb3dc -> 
  custom:container-muxer-webm: aa71ff27fc2769a1b78a27578f13a17b -> 
  custom:container-demuxer-webm: 4f35f7cbe854078d1ac9338744f61a02 -> 
  custom:container-demuxer-ogg: 62fdf1f143b41e24485cea50d1cbac27 -> 
  custom:video-encoder-webm-vp8: eb34c28f22e8b96e1ab97ce403110664 -> 
  custom:framework-osx-AVFoundation: e770b220cccbd017edd2c1fefb359320 -> 
  custom:video-decoder-webm-vp8: 9c59270c3fd7afecdb556c50c9e8de78 -> 
  custom:audio-decoder-ogg-vorbis: bf7c407c2cedff20999df2af8eb42d56 -> 
  custom:audio-encoder-webm-vorbis: bf7c407c2cedff20999df2af8eb42d56 -> 
